<?xml version="1.0" encoding="utf-8" standalone="no"?>
<!--This file represents the results of running a test suite-->
<test-results name="J:\projects\net\libs\nohros\must\src\testing\third_party\nunit\must.nunit" total="1" errors="0" failures="0" not-run="0" inconclusive="0" ignored="0" skipped="0" invalid="0" date="2010-12-14" time="17:29:26">
  <environment nunit-version="2.5.5.10112" clr-version="2.0.50727.3615" os-version="Microsoft Windows NT 5.1.2600 Service Pack 3" platform="Win32NT" cwd="J:\projects\net\libs\nohros\must\src\testing\third_party\nunit" machine-name="P2182" user="neylor" user-domain="ACAO" />
  <culture-info current-culture="pt-BR" current-uiculture="pt-BR" />
  <test-suite type="Project" name="J:\projects\net\libs\nohros\must\src\testing\third_party\nunit\must.nunit" executed="True" result="Success" success="True" time="0.031" asserts="0">
    <results>
      <test-suite type="Assembly" name="J:\projects\net\libs\nohros\must\src\testing\third_party\nunit\..\..\..\bin\debug\nohros.test.desktop.exe" executed="True" result="Success" success="True" time="0.016" asserts="0">
        <results>
          <test-suite type="Namespace" name="Nohros" executed="True" result="Success" success="True" time="0.016" asserts="0">
            <results>
              <test-suite type="Namespace" name="Test" executed="True" result="Success" success="True" time="0.016" asserts="0">
                <results>
                  <test-suite type="Namespace" name="Logging" executed="True" result="Success" success="True" time="0.016" asserts="0">
                    <results>
                      <test-suite type="TestFixture" name="FileLogger_" executed="True" result="Success" success="True" time="0.016" asserts="0">
                        <results>
                          <test-case name="Nohros.Test.Logging.FileLogger_.LogError" executed="True" result="Success" success="True" time="0.000" asserts="0" />
                        </results>
                      </test-suite>
                    </results>
                  </test-suite>
                </results>
              </test-suite>
            </results>
          </test-suite>
        </results>
      </test-suite>
    </results>
  </test-suite>
</test-results>